\BOOKMARK [1][-]{section.1}{\376\377\0001\000\040\000D\000e\000s\000k\000r\000i\000p\000s\000i\000\040\000P\000e\000n\000u\000g\000a\000s\000a\000n}{}% 1
\BOOKMARK [1][-]{section.2}{\376\377\0002\000\040\000I\000l\000u\000s\000t\000r\000a\000s\000i\000\040\000K\000a\000s\000u\000s}{}% 2
\BOOKMARK [1][-]{section.3}{\376\377\0003\000\040\000S\000p\000e\000s\000i\000f\000i\000k\000a\000s\000i\000\040\000T\000u\000g\000a\000s}{}% 3
\BOOKMARK [2][-]{subsection.3.1}{\376\377\0003\000.\0001\000\040\000S\000p\000e\000s\000i\000f\000i\000k\000a\000s\000i\000\040\000W\000a\000j\000i\000b}{section.3}% 4
\BOOKMARK [2][-]{subsection.3.2}{\376\377\0003\000.\0002\000\040\000S\000p\000e\000s\000i\000f\000i\000k\000a\000s\000i\000\040\000B\000o\000n\000u\000s}{section.3}% 5
\BOOKMARK [1][-]{section.4}{\376\377\0004\000\040\000D\000a\000s\000a\000r\000\040\000T\000e\000o\000r\000i}{}% 6
\BOOKMARK [2][-]{subsection.4.1}{\376\377\0004\000.\0001\000\040\000A\000l\000g\000o\000r\000i\000t\000m\000a\000\040\000D\000i\000v\000i\000d\000e\000\040\000a\000n\000d\000\040\000C\000o\000n\000q\000u\000e\000r}{section.4}% 7
\BOOKMARK [2][-]{subsection.4.2}{\376\377\0004\000.\0002\000\040\000V\000o\000x\000e\000l\000i\000z\000a\000t\000i\000o\000n}{section.4}% 8
\BOOKMARK [2][-]{subsection.4.3}{\376\377\0004\000.\0003\000\040\000O\000c\000t\000r\000e\000e}{section.4}% 9
\BOOKMARK [2][-]{subsection.4.4}{\376\377\0004\000.\0004\000\040\000F\000i\000l\000e\000\040\000.\000o\000b\000j}{section.4}% 10
\BOOKMARK [2][-]{subsection.4.5}{\376\377\0004\000.\0005\000\040\000C\000o\000n\000c\000u\000r\000r\000e\000n\000c\000y\000\040\000d\000a\000l\000a\000m\000\040\000G\000o}{section.4}% 11
\BOOKMARK [1][-]{section.5}{\376\377\0005\000\040\000D\000e\000s\000a\000i\000n}{}% 12
\BOOKMARK [2][-]{subsection.5.1}{\376\377\0005\000.\0001\000\040\000T\000e\000c\000h\000\040\000S\000t\000a\000c\000k}{section.5}% 13
\BOOKMARK [2][-]{subsection.5.2}{\376\377\0005\000.\0002\000\040\000S\000t\000r\000u\000k\000t\000u\000r\000\040\000P\000r\000o\000g\000r\000a\000m}{section.5}% 14
\BOOKMARK [2][-]{subsection.5.3}{\376\377\0005\000.\0003\000\040\000C\000a\000r\000a\000\040\000K\000o\000m\000p\000i\000l\000a\000s\000i\000\040\000d\000a\000n\000\040\000M\000e\000n\000j\000a\000l\000a\000n\000k\000a\000n\000\040\000P\000r\000o\000g\000r\000a\000m}{section.5}% 15
\BOOKMARK [1][-]{section.6}{\376\377\0006\000\040\000I\000m\000p\000l\000e\000m\000e\000n\000t\000a\000s\000i\000\040\000S\000p\000e\000s\000i\000f\000i\000k\000a\000s\000i\000\040\000W\000a\000j\000i\000b}{}% 16
\BOOKMARK [2][-]{subsection.6.1}{\376\377\0006\000.\0001\000\040\000A\000l\000g\000o\000r\000i\000t\000m\000a\000\040\000U\000t\000a\000m\000a}{section.6}% 17
\BOOKMARK [2][-]{subsection.6.2}{\376\377\0006\000.\0002\000\040\000A\000l\000g\000o\000r\000i\000t\000m\000a\000\040\000U\000t\000a\000m\000a\000\040\000d\000a\000l\000a\000m\000\040\000J\000a\000v\000a}{section.6}% 18
\BOOKMARK [2][-]{subsection.6.3}{\376\377\0006\000.\0003\000\040\000F\000u\000n\000g\000s\000i\000\040\000P\000e\000m\000b\000a\000n\000t\000u}{section.6}% 19
\BOOKMARK [1][-]{section.7}{\376\377\0007\000\040\000I\000m\000p\000l\000e\000m\000e\000n\000t\000a\000s\000i\000\040\000S\000p\000e\000s\000i\000f\000i\000k\000a\000s\000i\000\040\000B\000o\000n\000u\000s}{}% 20
\BOOKMARK [2][-]{subsection.7.1}{\376\377\0007\000.\0001\000\040\000G\000U\000I}{section.7}% 21
\BOOKMARK [2][-]{subsection.7.2}{\376\377\0007\000.\0002\000\040\000O\000u\000t\000p\000u\000t\000\040\000a\000s\000\040\000I\000m\000a\000g\000e}{section.7}% 22
\BOOKMARK [1][-]{section.8}{\376\377\0008\000\040\000P\000e\000n\000g\000u\000j\000i\000a\000n}{}% 23
\BOOKMARK [2][-]{subsection.8.1}{\376\377\0008\000.\0001\000\040\000K\000a\000s\000u\000s\000\040\000U\000j\000i\000\040\000O\000b\000j\000e\000k\000\040\000c\000o\000w}{section.8}% 24
\BOOKMARK [2][-]{subsection.8.2}{\376\377\0008\000.\0002\000\040\000K\000a\000s\000u\000s\000\040\000U\000j\000i\000\040\000O\000b\000j\000e\000k\000\040\000t\000e\000a\000p\000o\000t}{section.8}% 25
\BOOKMARK [2][-]{subsection.8.3}{\376\377\0008\000.\0003\000\040\000H\000a\000s\000i\000l\000\040\000P\000e\000n\000g\000u\000j\000i\000a\000n}{section.8}% 26
\BOOKMARK [1][-]{section.9}{\376\377\0009\000\040\000P\000e\000n\000u\000t\000u\000p}{}% 27
\BOOKMARK [2][-]{subsection.9.1}{\376\377\0009\000.\0001\000\040\000L\000a\000m\000p\000i\000r\000a\000n}{section.9}% 28
\BOOKMARK [2][-]{subsection.9.2}{\376\377\0009\000.\0002\000\040\000K\000a\000t\000a\000\040\000P\000e\000n\000u\000t\000u\000p}{section.9}% 29
\BOOKMARK [2][-]{subsection.9.3}{\376\377\0009\000.\0003\000\040\000P\000e\000r\000n\000y\000a\000t\000a\000a\000n}{section.9}% 30
