\BOOKMARK [1][-]{section.1}{\376\377\0001\000\040\000D\000e\000s\000k\000r\000i\000p\000s\000i\000\040\000P\000e\000n\000u\000g\000a\000s\000a\000n}{}% 1
\BOOKMARK [1][-]{section.2}{\376\377\0002\000\040\000S\000p\000e\000s\000i\000f\000i\000k\000a\000s\000i\000\040\000T\000u\000g\000a\000s}{}% 2
\BOOKMARK [2][-]{subsection.2.1}{\376\377\0002\000.\0001\000\040\000S\000p\000e\000s\000i\000f\000i\000k\000a\000s\000i\000\040\000W\000a\000j\000i\000b}{section.2}% 3
\BOOKMARK [2][-]{subsection.2.2}{\376\377\0002\000.\0002\000\040\000S\000p\000e\000s\000i\000f\000i\000k\000a\000s\000i\000\040\000B\000o\000n\000u\000s}{section.2}% 4
\BOOKMARK [1][-]{section.3}{\376\377\0003\000\040\000D\000a\000s\000a\000r\000\040\000T\000e\000o\000r\000i}{}% 5
\BOOKMARK [2][-]{subsection.3.1}{\376\377\0003\000.\0001\000\040\000B\000r\000u\000t\000e\000\040\000F\000o\000r\000c\000e}{section.3}% 6
\BOOKMARK [2][-]{subsection.3.2}{\376\377\0003\000.\0002\000\040\000M\000u\000l\000t\000i\000t\000h\000r\000e\000a\000d\000i\000n\000g\000\040\000d\000a\000l\000a\000m\000\040\000J\000a\000v\000a}{section.3}% 7
\BOOKMARK [1][-]{section.4}{\376\377\0004\000\040\000D\000e\000s\000a\000i\000n}{}% 8
\BOOKMARK [2][-]{subsection.4.1}{\376\377\0004\000.\0001\000\040\000T\000e\000c\000h\000\040\000S\000t\000a\000c\000k}{section.4}% 9
\BOOKMARK [2][-]{subsection.4.2}{\376\377\0004\000.\0002\000\040\000S\000t\000r\000u\000k\000t\000u\000r\000\040\000P\000r\000o\000g\000r\000a\000m}{section.4}% 10
\BOOKMARK [2][-]{subsection.4.3}{\376\377\0004\000.\0003\000\040\000C\000a\000r\000a\000\040\000K\000o\000m\000p\000i\000l\000a\000s\000i\000\040\000d\000a\000n\000\040\000M\000e\000n\000j\000a\000l\000a\000n\000k\000a\000n\000\040\000P\000r\000o\000g\000r\000a\000m}{section.4}% 11
\BOOKMARK [1][-]{section.5}{\376\377\0005\000\040\000I\000m\000p\000l\000e\000m\000e\000n\000t\000a\000s\000i\000\040\000S\000p\000e\000s\000i\000f\000i\000k\000a\000s\000i\000\040\000W\000a\000j\000i\000b}{}% 12
\BOOKMARK [2][-]{subsection.5.1}{\376\377\0005\000.\0001\000\040\000A\000l\000g\000o\000r\000i\000t\000m\000a\000\040\000U\000t\000a\000m\000a}{section.5}% 13
\BOOKMARK [2][-]{subsection.5.2}{\376\377\0005\000.\0002\000\040\000A\000l\000g\000o\000r\000i\000t\000m\000a\000\040\000U\000t\000a\000m\000a\000\040\000d\000a\000l\000a\000m\000\040\000J\000a\000v\000a}{section.5}% 14
\BOOKMARK [2][-]{subsection.5.3}{\376\377\0005\000.\0003\000\040\000F\000u\000n\000g\000s\000i\000\040\000P\000e\000m\000b\000a\000n\000t\000u}{section.5}% 15
\BOOKMARK [1][-]{section.6}{\376\377\0006\000\040\000I\000m\000p\000l\000e\000m\000e\000n\000t\000a\000s\000i\000\040\000S\000p\000e\000s\000i\000f\000i\000k\000a\000s\000i\000\040\000B\000o\000n\000u\000s}{}% 16
\BOOKMARK [2][-]{subsection.6.1}{\376\377\0006\000.\0001\000\040\000G\000U\000I}{section.6}% 17
\BOOKMARK [2][-]{subsection.6.2}{\376\377\0006\000.\0002\000\040\000O\000u\000t\000p\000u\000t\000\040\000a\000s\000\040\000I\000m\000a\000g\000e}{section.6}% 18
\BOOKMARK [1][-]{section.7}{\376\377\0007\000\040\000P\000e\000n\000g\000u\000j\000i\000a\000n}{}% 19
\BOOKMARK [2][-]{subsection.7.1}{\376\377\0007\000.\0001\000\040\000K\000a\000s\000u\000s\000\040\000U\000j\000i\000\040\0001}{section.7}% 20
\BOOKMARK [2][-]{subsection.7.2}{\376\377\0007\000.\0002\000\040\000K\000a\000s\000u\000s\000\040\000U\000j\000i\000\040\0002}{section.7}% 21
\BOOKMARK [2][-]{subsection.7.3}{\376\377\0007\000.\0003\000\040\000K\000a\000s\000u\000s\000\040\000U\000j\000i\000\040\0003}{section.7}% 22
\BOOKMARK [2][-]{subsection.7.4}{\376\377\0007\000.\0004\000\040\000K\000a\000s\000u\000s\000\040\000U\000j\000i\000\040\0004}{section.7}% 23
\BOOKMARK [2][-]{subsection.7.5}{\376\377\0007\000.\0005\000\040\000K\000a\000s\000u\000s\000\040\000U\000j\000i\000\040\0005}{section.7}% 24
\BOOKMARK [2][-]{subsection.7.6}{\376\377\0007\000.\0006\000\040\000K\000a\000s\000u\000s\000\040\000U\000j\000i\000\040\0006}{section.7}% 25
\BOOKMARK [2][-]{subsection.7.7}{\376\377\0007\000.\0007\000\040\000K\000a\000s\000u\000s\000\040\000U\000j\000i\000\040\0007}{section.7}% 26
\BOOKMARK [2][-]{subsection.7.8}{\376\377\0007\000.\0008\000\040\000H\000a\000s\000i\000l\000\040\000P\000e\000n\000g\000u\000j\000i\000a\000n}{section.7}% 27
\BOOKMARK [1][-]{section.8}{\376\377\0008\000\040\000P\000e\000n\000u\000t\000u\000p}{}% 28
\BOOKMARK [2][-]{subsection.8.1}{\376\377\0008\000.\0001\000\040\000L\000a\000m\000p\000i\000r\000a\000n}{section.8}% 29
\BOOKMARK [2][-]{subsection.8.2}{\376\377\0008\000.\0002\000\040\000K\000a\000t\000a\000\040\000P\000e\000n\000u\000t\000u\000p}{section.8}% 30
\BOOKMARK [2][-]{subsection.8.3}{\376\377\0008\000.\0003\000\040\000P\000e\000r\000n\000y\000a\000t\000a\000a\000n}{section.8}% 31
